<?xml version="1.0" encoding="UTF-8"?>
<!-- Generated by org.testng.reporters.JUnitXMLReporter -->
<testsuite ignored="2" hostname="DESKTOP-HMSSTKG" failures="0" tests="2" name="Test" time="44.806" errors="0" timestamp="2022-07-06T15:40:21 IST">
  <testcase classname="com.crm.comcast.contactTest.createContact" name="craetecontact" time="10.972"/>
  <testcase classname="com.crm.comcast.contactTest.CreateContactAndDeleteTest" name="CreateandDeleteContact" time="16.05"/>
  <testcase classname="com.crm.comcast.genericutitlity.BaseClass" name="@BeforeSuite configBS" time="0.0">
    <ignored/>
  </testcase> <!-- @BeforeSuite configBS -->
  <testcase classname="com.crm.comcast.genericutitlity.BaseClass" name="@AfterSuite configAS" time="0.0">
    <ignored/>
  </testcase> <!-- @AfterSuite configAS -->
</testsuite> <!-- Test -->
